<?xml version="1.0" encoding="UTF-8"?>
<coverage generated="1569573503847" clover="3.2.0">
  <project timestamp="1569573503847" name="All files">
    <metrics statements="54" coveredstatements="53" conditionals="38" coveredconditionals="38" methods="12" coveredmethods="7" elements="104" coveredelements="98" complexity="0" loc="54" ncloc="54" packages="1" files="2" classes="2"/>
    <file name="interval.js" path="/home/remi/Documents/ENSIIE/intégration_continue/tps/tp-jest/src/interval.js">
      <metrics statements="5" coveredstatements="4" conditionals="2" coveredconditionals="2" methods="7" coveredmethods="2"/>
      <line num="3" count="6" type="stmt"/>
      <line num="4" count="6" type="stmt"/>
      <line num="8" count="0" type="stmt"/>
      <line num="25" count="3" type="cond" truecount="2" falsecount="0"/>
      <line num="109" count="1" type="stmt"/>
    </file>
    <file name="math.js" path="/home/remi/Documents/ENSIIE/intégration_continue/tps/tp-jest/src/math.js">
      <metrics statements="49" coveredstatements="49" conditionals="36" coveredconditionals="36" methods="5" coveredmethods="5"/>
      <line num="1" count="1" type="stmt"/>
      <line num="2" count="1" type="stmt"/>
      <line num="3" count="29" type="cond" truecount="2" falsecount="0"/>
      <line num="4" count="7" type="stmt"/>
      <line num="7" count="22" type="cond" truecount="2" falsecount="0"/>
      <line num="8" count="1" type="stmt"/>
      <line num="11" count="21" type="cond" truecount="2" falsecount="0"/>
      <line num="12" count="1" type="stmt"/>
      <line num="15" count="20" type="stmt"/>
      <line num="26" count="1" type="stmt"/>
      <line num="27" count="70" type="cond" truecount="4" falsecount="0"/>
      <line num="28" count="2" type="stmt"/>
      <line num="30" count="68" type="cond" truecount="2" falsecount="0"/>
      <line num="31" count="1" type="stmt"/>
      <line num="33" count="67" type="stmt"/>
      <line num="34" count="265" type="cond" truecount="2" falsecount="0"/>
      <line num="36" count="34" type="stmt"/>
      <line num="50" count="1" type="stmt"/>
      <line num="51" count="8" type="cond" truecount="2" falsecount="0"/>
      <line num="52" count="2" type="stmt"/>
      <line num="54" count="6" type="stmt"/>
      <line num="55" count="6" type="stmt"/>
      <line num="56" count="61" type="cond" truecount="2" falsecount="0"/>
      <line num="57" count="30" type="stmt"/>
      <line num="60" count="6" type="stmt"/>
      <line num="76" count="1" type="stmt"/>
      <line num="77" count="3" type="stmt"/>
      <line num="78" count="3" type="stmt"/>
      <line num="79" count="23" type="cond" truecount="4" falsecount="0"/>
      <line num="80" count="1" type="stmt"/>
      <line num="81" count="22" type="cond" truecount="2" falsecount="0"/>
      <line num="82" count="6" type="stmt"/>
      <line num="83" count="16" type="cond" truecount="2" falsecount="0"/>
      <line num="84" count="3" type="stmt"/>
      <line num="86" count="13" type="stmt"/>
      <line num="89" count="3" type="stmt"/>
      <line num="101" count="1" type="stmt"/>
      <line num="102" count="5" type="stmt"/>
      <line num="103" count="5" type="stmt"/>
      <line num="104" count="5" type="stmt"/>
      <line num="105" count="31" type="cond" truecount="6" falsecount="0"/>
      <line num="107" count="27" type="cond" truecount="2" falsecount="0"/>
      <line num="108" count="4" type="stmt"/>
      <line num="109" count="23" type="cond" truecount="2" falsecount="0"/>
      <line num="110" count="4" type="stmt"/>
      <line num="112" count="19" type="stmt"/>
      <line num="115" count="4" type="stmt"/>
      <line num="118" count="5" type="stmt"/>
      <line num="122" count="1" type="stmt"/>
    </file>
  </project>
</coverage>
