{"/home/remi/Documents/ENSIIE/intégration_continue/tps/tp-jest/src/interval.js": {"path":"/home/remi/Documents/ENSIIE/intégration_continue/tps/tp-jest/src/interval.js","statementMap":{"0":{"start":{"line":3,"column":8},"end":{"line":3,"column":27}},"1":{"start":{"line":4,"column":8},"end":{"line":4,"column":22}},"2":{"start":{"line":8,"column":8},"end":{"line":8,"column":55}},"3":{"start":{"line":25,"column":8},"end":{"line":25,"column":70}},"4":{"start":{"line":109,"column":0},"end":{"line":109,"column":35}}},"fnMap":{"0":{"name":"(anonymous_0)","decl":{"start":{"line":2,"column":4},"end":{"line":2,"column":5}},"loc":{"start":{"line":2,"column":28},"end":{"line":5,"column":5}},"line":2},"1":{"name":"(anonymous_1)","decl":{"start":{"line":7,"column":4},"end":{"line":7,"column":5}},"loc":{"start":{"line":7,"column":15},"end":{"line":9,"column":5}},"line":7},"2":{"name":"(anonymous_2)","decl":{"start":{"line":24,"column":4},"end":{"line":24,"column":5}},"loc":{"start":{"line":24,"column":23},"end":{"line":26,"column":5}},"line":24},"3":{"name":"(anonymous_3)","decl":{"start":{"line":44,"column":4},"end":{"line":44,"column":5}},"loc":{"start":{"line":44,"column":23},"end":{"line":46,"column":5}},"line":44},"4":{"name":"(anonymous_4)","decl":{"start":{"line":64,"column":4},"end":{"line":64,"column":5}},"loc":{"start":{"line":64,"column":20},"end":{"line":66,"column":5}},"line":64},"5":{"name":"(anonymous_5)","decl":{"start":{"line":84,"column":4},"end":{"line":84,"column":5}},"loc":{"start":{"line":84,"column":27},"end":{"line":86,"column":5}},"line":84},"6":{"name":"(anonymous_6)","decl":{"start":{"line":104,"column":4},"end":{"line":104,"column":5}},"loc":{"start":{"line":104,"column":24},"end":{"line":106,"column":5}},"line":104}},"branchMap":{"0":{"loc":{"start":{"line":25,"column":15},"end":{"line":25,"column":69}},"type":"binary-expr","locations":[{"start":{"line":25,"column":15},"end":{"line":25,"column":40}},{"start":{"line":25,"column":44},"end":{"line":25,"column":69}}],"line":25}},"s":{"0":6,"1":6,"2":0,"3":3,"4":1},"f":{"0":6,"1":0,"2":3,"3":0,"4":0,"5":0,"6":0},"b":{"0":[3,1]},"_coverageSchema":"43e27e138ebf9cfc5966b082cf9a028302ed4184","hash":"92ab12ac1a4face727887cf13f11a038dd34432e"}
,"/home/remi/Documents/ENSIIE/intégration_continue/tps/tp-jest/src/math.js": {"path":"/home/remi/Documents/ENSIIE/intégration_continue/tps/tp-jest/src/math.js","statementMap":{"0":{"start":{"line":1,"column":13},"end":{"line":1,"column":15}},"1":{"start":{"line":2,"column":0},"end":{"line":16,"column":2}},"2":{"start":{"line":3,"column":4},"end":{"line":5,"column":5}},"3":{"start":{"line":4,"column":8},"end":{"line":4,"column":17}},"4":{"start":{"line":7,"column":4},"end":{"line":9,"column":5}},"5":{"start":{"line":8,"column":8},"end":{"line":8,"column":28}},"6":{"start":{"line":11,"column":4},"end":{"line":13,"column":5}},"7":{"start":{"line":12,"column":8},"end":{"line":12,"column":30}},"8":{"start":{"line":15,"column":4},"end":{"line":15,"column":37}},"9":{"start":{"line":26,"column":0},"end":{"line":38,"column":2}},"10":{"start":{"line":27,"column":4},"end":{"line":29,"column":5}},"11":{"start":{"line":28,"column":8},"end":{"line":28,"column":21}},"12":{"start":{"line":30,"column":4},"end":{"line":32,"column":5}},"13":{"start":{"line":31,"column":8},"end":{"line":31,"column":50}},"14":{"start":{"line":33,"column":4},"end":{"line":35,"column":5}},"15":{"start":{"line":33,"column":17},"end":{"line":33,"column":18}},"16":{"start":{"line":34,"column":8},"end":{"line":34,"column":39}},"17":{"start":{"line":34,"column":25},"end":{"line":34,"column":38}},"18":{"start":{"line":36,"column":4},"end":{"line":36,"column":16}},"19":{"start":{"line":50,"column":0},"end":{"line":62,"column":2}},"20":{"start":{"line":51,"column":4},"end":{"line":61,"column":5}},"21":{"start":{"line":52,"column":8},"end":{"line":52,"column":70}},"22":{"start":{"line":54,"column":18},"end":{"line":54,"column":19}},"23":{"start":{"line":55,"column":8},"end":{"line":59,"column":9}},"24":{"start":{"line":55,"column":20},"end":{"line":55,"column":21}},"25":{"start":{"line":56,"column":12},"end":{"line":58,"column":13}},"26":{"start":{"line":57,"column":16},"end":{"line":57,"column":23}},"27":{"start":{"line":60,"column":8},"end":{"line":60,"column":19}},"28":{"start":{"line":76,"column":0},"end":{"line":90,"column":2}},"29":{"start":{"line":77,"column":18},"end":{"line":77,"column":20}},"30":{"start":{"line":78,"column":4},"end":{"line":88,"column":5}},"31":{"start":{"line":78,"column":16},"end":{"line":78,"column":17}},"32":{"start":{"line":79,"column":8},"end":{"line":87,"column":9}},"33":{"start":{"line":80,"column":12},"end":{"line":80,"column":35}},"34":{"start":{"line":81,"column":14},"end":{"line":87,"column":9}},"35":{"start":{"line":82,"column":12},"end":{"line":82,"column":31}},"36":{"start":{"line":83,"column":14},"end":{"line":87,"column":9}},"37":{"start":{"line":84,"column":12},"end":{"line":84,"column":31}},"38":{"start":{"line":86,"column":12},"end":{"line":86,"column":26}},"39":{"start":{"line":89,"column":4},"end":{"line":89,"column":17}},"40":{"start":{"line":101,"column":0},"end":{"line":119,"column":2}},"41":{"start":{"line":102,"column":24},"end":{"line":102,"column":26}},"42":{"start":{"line":103,"column":14},"end":{"line":103,"column":17}},"43":{"start":{"line":103,"column":23},"end":{"line":103,"column":26}},"44":{"start":{"line":104,"column":4},"end":{"line":117,"column":5}},"45":{"start":{"line":104,"column":16},"end":{"line":104,"column":17}},"46":{"start":{"line":105,"column":8},"end":{"line":116,"column":9}},"47":{"start":{"line":107,"column":12},"end":{"line":113,"column":13}},"48":{"start":{"line":108,"column":16},"end":{"line":108,"column":35}},"49":{"start":{"line":109,"column":18},"end":{"line":113,"column":13}},"50":{"start":{"line":110,"column":16},"end":{"line":110,"column":35}},"51":{"start":{"line":112,"column":16},"end":{"line":112,"column":77}},"52":{"start":{"line":115,"column":12},"end":{"line":115,"column":71}},"53":{"start":{"line":118,"column":4},"end":{"line":118,"column":25}},"54":{"start":{"line":122,"column":0},"end":{"line":122,"column":22}}},"fnMap":{"0":{"name":"(anonymous_0)","decl":{"start":{"line":2,"column":17},"end":{"line":2,"column":18}},"loc":{"start":{"line":2,"column":22},"end":{"line":16,"column":1}},"line":2},"1":{"name":"(anonymous_1)","decl":{"start":{"line":26,"column":15},"end":{"line":26,"column":16}},"loc":{"start":{"line":26,"column":28},"end":{"line":38,"column":1}},"line":26},"2":{"name":"(anonymous_2)","decl":{"start":{"line":50,"column":16},"end":{"line":50,"column":17}},"loc":{"start":{"line":50,"column":28},"end":{"line":62,"column":1}},"line":50},"3":{"name":"(anonymous_3)","decl":{"start":{"line":76,"column":16},"end":{"line":76,"column":17}},"loc":{"start":{"line":76,"column":28},"end":{"line":90,"column":1}},"line":76},"4":{"name":"(anonymous_4)","decl":{"start":{"line":101,"column":14},"end":{"line":101,"column":15}},"loc":{"start":{"line":101,"column":32},"end":{"line":119,"column":1}},"line":101}},"branchMap":{"0":{"loc":{"start":{"line":3,"column":4},"end":{"line":5,"column":5}},"type":"if","locations":[{"start":{"line":3,"column":4},"end":{"line":5,"column":5}},{"start":{"line":3,"column":4},"end":{"line":5,"column":5}}],"line":3},"1":{"loc":{"start":{"line":7,"column":4},"end":{"line":9,"column":5}},"type":"if","locations":[{"start":{"line":7,"column":4},"end":{"line":9,"column":5}},{"start":{"line":7,"column":4},"end":{"line":9,"column":5}}],"line":7},"2":{"loc":{"start":{"line":11,"column":4},"end":{"line":13,"column":5}},"type":"if","locations":[{"start":{"line":11,"column":4},"end":{"line":13,"column":5}},{"start":{"line":11,"column":4},"end":{"line":13,"column":5}}],"line":11},"3":{"loc":{"start":{"line":27,"column":4},"end":{"line":29,"column":5}},"type":"if","locations":[{"start":{"line":27,"column":4},"end":{"line":29,"column":5}},{"start":{"line":27,"column":4},"end":{"line":29,"column":5}}],"line":27},"4":{"loc":{"start":{"line":27,"column":8},"end":{"line":27,"column":26}},"type":"binary-expr","locations":[{"start":{"line":27,"column":8},"end":{"line":27,"column":15}},{"start":{"line":27,"column":19},"end":{"line":27,"column":26}}],"line":27},"5":{"loc":{"start":{"line":30,"column":4},"end":{"line":32,"column":5}},"type":"if","locations":[{"start":{"line":30,"column":4},"end":{"line":32,"column":5}},{"start":{"line":30,"column":4},"end":{"line":32,"column":5}}],"line":30},"6":{"loc":{"start":{"line":34,"column":8},"end":{"line":34,"column":39}},"type":"if","locations":[{"start":{"line":34,"column":8},"end":{"line":34,"column":39}},{"start":{"line":34,"column":8},"end":{"line":34,"column":39}}],"line":34},"7":{"loc":{"start":{"line":51,"column":4},"end":{"line":61,"column":5}},"type":"if","locations":[{"start":{"line":51,"column":4},"end":{"line":61,"column":5}},{"start":{"line":51,"column":4},"end":{"line":61,"column":5}}],"line":51},"8":{"loc":{"start":{"line":56,"column":12},"end":{"line":58,"column":13}},"type":"if","locations":[{"start":{"line":56,"column":12},"end":{"line":58,"column":13}},{"start":{"line":56,"column":12},"end":{"line":58,"column":13}}],"line":56},"9":{"loc":{"start":{"line":79,"column":8},"end":{"line":87,"column":9}},"type":"if","locations":[{"start":{"line":79,"column":8},"end":{"line":87,"column":9}},{"start":{"line":79,"column":8},"end":{"line":87,"column":9}}],"line":79},"10":{"loc":{"start":{"line":79,"column":12},"end":{"line":79,"column":38}},"type":"binary-expr","locations":[{"start":{"line":79,"column":12},"end":{"line":79,"column":23}},{"start":{"line":79,"column":27},"end":{"line":79,"column":38}}],"line":79},"11":{"loc":{"start":{"line":81,"column":14},"end":{"line":87,"column":9}},"type":"if","locations":[{"start":{"line":81,"column":14},"end":{"line":87,"column":9}},{"start":{"line":81,"column":14},"end":{"line":87,"column":9}}],"line":81},"12":{"loc":{"start":{"line":83,"column":14},"end":{"line":87,"column":9}},"type":"if","locations":[{"start":{"line":83,"column":14},"end":{"line":87,"column":9}},{"start":{"line":83,"column":14},"end":{"line":87,"column":9}}],"line":83},"13":{"loc":{"start":{"line":105,"column":8},"end":{"line":116,"column":9}},"type":"if","locations":[{"start":{"line":105,"column":8},"end":{"line":116,"column":9}},{"start":{"line":105,"column":8},"end":{"line":116,"column":9}}],"line":105},"14":{"loc":{"start":{"line":105,"column":11},"end":{"line":106,"column":66}},"type":"binary-expr","locations":[{"start":{"line":105,"column":11},"end":{"line":105,"column":36}},{"start":{"line":105,"column":40},"end":{"line":105,"column":66}},{"start":{"line":106,"column":12},"end":{"line":106,"column":37}},{"start":{"line":106,"column":41},"end":{"line":106,"column":66}}],"line":105},"15":{"loc":{"start":{"line":107,"column":12},"end":{"line":113,"column":13}},"type":"if","locations":[{"start":{"line":107,"column":12},"end":{"line":113,"column":13}},{"start":{"line":107,"column":12},"end":{"line":113,"column":13}}],"line":107},"16":{"loc":{"start":{"line":109,"column":18},"end":{"line":113,"column":13}},"type":"if","locations":[{"start":{"line":109,"column":18},"end":{"line":113,"column":13}},{"start":{"line":109,"column":18},"end":{"line":113,"column":13}}],"line":109}},"s":{"0":1,"1":1,"2":29,"3":7,"4":22,"5":1,"6":21,"7":1,"8":20,"9":1,"10":70,"11":2,"12":68,"13":1,"14":67,"15":67,"16":265,"17":33,"18":34,"19":1,"20":8,"21":2,"22":6,"23":6,"24":6,"25":61,"26":30,"27":6,"28":1,"29":3,"30":3,"31":3,"32":23,"33":1,"34":22,"35":6,"36":16,"37":3,"38":13,"39":3,"40":1,"41":5,"42":5,"43":5,"44":5,"45":5,"46":31,"47":27,"48":4,"49":23,"50":4,"51":19,"52":4,"53":5,"54":1},"f":{"0":29,"1":70,"2":8,"3":3,"4":5},"b":{"0":[7,22],"1":[1,21],"2":[1,20],"3":[2,68],"4":[70,69],"5":[1,67],"6":[33,232],"7":[2,6],"8":[30,31],"9":[1,22],"10":[23,4],"11":[6,16],"12":[3,13],"13":[27,4],"14":[31,20,11,11],"15":[4,23],"16":[4,19]},"_coverageSchema":"43e27e138ebf9cfc5966b082cf9a028302ed4184","hash":"60f1ac2f51a3e0d45f6f80d685f918eb8a966284"}
}
