TN:
SF:/home/remi/Documents/ENSIIE/intégration_continue/tps/tp-jest/src/interval.js
FN:2,(anonymous_0)
FN:7,(anonymous_1)
FN:24,(anonymous_2)
FN:44,(anonymous_3)
FN:64,(anonymous_4)
FN:84,(anonymous_5)
FN:104,(anonymous_6)
FNF:7
FNH:2
FNDA:6,(anonymous_0)
FNDA:0,(anonymous_1)
FNDA:3,(anonymous_2)
FNDA:0,(anonymous_3)
FNDA:0,(anonymous_4)
FNDA:0,(anonymous_5)
FNDA:0,(anonymous_6)
DA:3,6
DA:4,6
DA:8,0
DA:25,3
DA:109,1
LF:5
LH:4
BRDA:25,0,0,3
BRDA:25,0,1,1
BRF:2
BRH:2
end_of_record
TN:
SF:/home/remi/Documents/ENSIIE/intégration_continue/tps/tp-jest/src/math.js
FN:2,(anonymous_0)
FN:26,(anonymous_1)
FN:50,(anonymous_2)
FN:76,(anonymous_3)
FN:101,(anonymous_4)
FNF:5
FNH:5
FNDA:29,(anonymous_0)
FNDA:70,(anonymous_1)
FNDA:8,(anonymous_2)
FNDA:3,(anonymous_3)
FNDA:5,(anonymous_4)
DA:1,1
DA:2,1
DA:3,29
DA:4,7
DA:7,22
DA:8,1
DA:11,21
DA:12,1
DA:15,20
DA:26,1
DA:27,70
DA:28,2
DA:30,68
DA:31,1
DA:33,67
DA:34,265
DA:36,34
DA:50,1
DA:51,8
DA:52,2
DA:54,6
DA:55,6
DA:56,61
DA:57,30
DA:60,6
DA:76,1
DA:77,3
DA:78,3
DA:79,23
DA:80,1
DA:81,22
DA:82,6
DA:83,16
DA:84,3
DA:86,13
DA:89,3
DA:101,1
DA:102,5
DA:103,5
DA:104,5
DA:105,31
DA:107,27
DA:108,4
DA:109,23
DA:110,4
DA:112,19
DA:115,4
DA:118,5
DA:122,1
LF:49
LH:49
BRDA:3,0,0,7
BRDA:3,0,1,22
BRDA:7,1,0,1
BRDA:7,1,1,21
BRDA:11,2,0,1
BRDA:11,2,1,20
BRDA:27,3,0,2
BRDA:27,3,1,68
BRDA:27,4,0,70
BRDA:27,4,1,69
BRDA:30,5,0,1
BRDA:30,5,1,67
BRDA:34,6,0,33
BRDA:34,6,1,232
BRDA:51,7,0,2
BRDA:51,7,1,6
BRDA:56,8,0,30
BRDA:56,8,1,31
BRDA:79,9,0,1
BRDA:79,9,1,22
BRDA:79,10,0,23
BRDA:79,10,1,4
BRDA:81,11,0,6
BRDA:81,11,1,16
BRDA:83,12,0,3
BRDA:83,12,1,13
BRDA:105,13,0,27
BRDA:105,13,1,4
BRDA:105,14,0,31
BRDA:105,14,1,20
BRDA:105,14,2,11
BRDA:105,14,3,11
BRDA:107,15,0,4
BRDA:107,15,1,23
BRDA:109,16,0,4
BRDA:109,16,1,19
BRF:36
BRH:36
end_of_record
